<?xml version="1.0" encoding="UTF-8"?>
<!-- Generated by org.testng.reporters.JUnitXMLReporter -->
<testsuite hostname="DESKTOP-4FUNGAK" ignored="0" name="Test" tests="4" failures="0" timestamp="2020-04-14T17:18:56 IST" time="0.078" errors="0">
  <testcase name="SeleniumTest" time="0.015" classname="MavenProgram.SeleniumTest"/>
  <testcase name="SeleniumTest2" time="0.0" classname="MavenProgram.SeleniumTest"/>
  <testcase name="apTest" time="0.0" classname="MavenProgram.AppiumTest"/>
  <testcase name="mobileTesting" time="0.0" classname="MavenProgram.AppiumTest"/>
</testsuite> <!-- Test -->
