<?xml version="1.0" encoding="UTF-8"?>
<!-- Generated by org.testng.reporters.JUnitXMLReporter -->
<testsuite hostname="DESKTOP-4FUNGAK" ignored="0" name="Command line test" tests="4" failures="0" timestamp="2020-04-14T17:19:13 IST" time="0.071" errors="0">
  <testcase name="apTest" time="0.0" classname="MavenProgram.AppiumTest"/>
  <testcase name="mobileTesting" time="0.0" classname="MavenProgram.AppiumTest"/>
  <testcase name="SeleniumTest" time="0.0" classname="MavenProgram.SeleniumTest"/>
  <testcase name="SeleniumTest2" time="0.0" classname="MavenProgram.SeleniumTest"/>
</testsuite> <!-- Command line test -->
